2026-06-28 17:03:13 INFO  c.s.goldenbooking.security.JwtFilter [http-nio-8080-exec-2] Usuario admin1 autenticado correctamente. IP: 0:0:0:0:0:0:0:1 | Endpoint: /auth/logout
2026-06-28 17:03:21 INFO  c.s.goldenbooking.security.JwtFilter [http-nio-8080-exec-6] Usuario admin1 autenticado correctamente. IP: 0:0:0:0:0:0:0:1 | Endpoint: /api/usuarios/6a3d890191160b49f97bd67d
2026-06-28 17:03:28 INFO  c.s.goldenbooking.security.JwtFilter [http-nio-8080-exec-9] Usuario admin1 autenticado correctamente. IP: 0:0:0:0:0:0:0:1 | Endpoint: /api/habitaciones
2026-06-28 17:03:28 INFO  c.s.goldenbooking.security.JwtFilter [http-nio-8080-exec-10] Usuario admin1 autenticado correctamente. IP: 0:0:0:0:0:0:0:1 | Endpoint: /api/habitaciones
2026-06-28 17:03:54 INFO  c.s.goldenbooking.security.JwtFilter [http-nio-8080-exec-3] Usuario admin1 autenticado correctamente. IP: 0:0:0:0:0:0:0:1 | Endpoint: /api/reservas/deporte
2026-06-28 17:03:54 INFO  c.s.goldenbooking.security.JwtFilter [http-nio-8080-exec-4] Usuario admin1 autenticado correctamente. IP: 0:0:0:0:0:0:0:1 | Endpoint: /api/reservas/deporte
2026-06-28 17:03:56 INFO  c.s.goldenbooking.security.JwtFilter [http-nio-8080-exec-6] Usuario admin1 autenticado correctamente. IP: 0:0:0:0:0:0:0:1 | Endpoint: /api/reservas/deporte/69db3c2054db5d0e7f573dd8/cancelar
2026-06-28 17:16:46 INFO  c.s.goldenbooking.security.JwtFilter [http-nio-8080-exec-3] Usuario admin1 autenticado correctamente. IP: 0:0:0:0:0:0:0:1 | Endpoint: /api/usuarios
2026-06-28 17:16:46 INFO  c.s.goldenbooking.security.JwtFilter [http-nio-8080-exec-4] Usuario admin1 autenticado correctamente. IP: 0:0:0:0:0:0:0:1 | Endpoint: /api/usuarios
2026-06-28 17:26:26 INFO  c.s.goldenbooking.security.JwtFilter [http-nio-8080-exec-2] Usuario admin1 autenticado correctamente. IP: 0:0:0:0:0:0:0:1 | Endpoint: /auth/logout
2026-06-28 17:26:32 INFO  c.s.goldenbooking.security.JwtFilter [http-nio-8080-exec-6] Usuario cliente1 autenticado correctamente. IP: 0:0:0:0:0:0:0:1 | Endpoint: /api/usuarios/6a4168dea84cd508ff67d6b4
2026-06-28 20:50:05 WARN  c.s.goldenbooking.security.JwtFilter [http-nio-8080-exec-2] Token JWT inválido o con firma alterada. IP: 0:0:0:0:0:0:0:1 | Endpoint: /auth/logout
2026-06-28 20:50:07 INFO  c.s.goldenbooking.security.JwtFilter [http-nio-8080-exec-6] Usuario admin1 autenticado correctamente. IP: 0:0:0:0:0:0:0:1 | Endpoint: /api/usuarios/6a3d890191160b49f97bd67d
2026-06-28 20:50:10 INFO  c.s.goldenbooking.security.JwtFilter [http-nio-8080-exec-9] Usuario admin1 autenticado correctamente. IP: 0:0:0:0:0:0:0:1 | Endpoint: /api/habitaciones
2026-06-28 20:50:11 INFO  c.s.goldenbooking.security.JwtFilter [http-nio-8080-exec-10] Usuario admin1 autenticado correctamente. IP: 0:0:0:0:0:0:0:1 | Endpoint: /api/habitaciones
2026-06-28 20:58:41 INFO  c.s.goldenbooking.security.JwtFilter [http-nio-8080-exec-5] Usuario admin1 autenticado correctamente. IP: 0:0:0:0:0:0:0:1 | Endpoint: /api/usuarios
2026-06-28 20:58:41 INFO  c.s.goldenbooking.security.JwtFilter [http-nio-8080-exec-6] Usuario admin1 autenticado correctamente. IP: 0:0:0:0:0:0:0:1 | Endpoint: /api/usuarios
2026-06-28 20:58:49 INFO  c.s.goldenbooking.security.JwtFilter [http-nio-8080-exec-9] Usuario admin1 autenticado correctamente. IP: 0:0:0:0:0:0:0:1 | Endpoint: /api/habitaciones
2026-06-28 20:58:49 INFO  c.s.goldenbooking.security.JwtFilter [http-nio-8080-exec-10] Usuario admin1 autenticado correctamente. IP: 0:0:0:0:0:0:0:1 | Endpoint: /api/habitaciones
2026-06-28 20:58:50 INFO  c.s.goldenbooking.security.JwtFilter [http-nio-8080-exec-1] Usuario admin1 autenticado correctamente. IP: 0:0:0:0:0:0:0:1 | Endpoint: /api/habitaciones
2026-06-28 20:58:50 INFO  c.s.goldenbooking.security.JwtFilter [http-nio-8080-exec-3] Usuario admin1 autenticado correctamente. IP: 0:0:0:0:0:0:0:1 | Endpoint: /api/tipohabitaciones
2026-06-28 20:58:50 INFO  c.s.goldenbooking.security.JwtFilter [http-nio-8080-exec-5] Usuario admin1 autenticado correctamente. IP: 0:0:0:0:0:0:0:1 | Endpoint: /api/habitaciones
2026-06-28 20:58:50 INFO  c.s.goldenbooking.security.JwtFilter [http-nio-8080-exec-6] Usuario admin1 autenticado correctamente. IP: 0:0:0:0:0:0:0:1 | Endpoint: /api/tipohabitaciones
2026-06-28 20:59:02 INFO  c.s.goldenbooking.security.JwtFilter [http-nio-8080-exec-9] Usuario admin1 autenticado correctamente. IP: 0:0:0:0:0:0:0:1 | Endpoint: /api/habitaciones
2026-06-28 20:59:02 INFO  c.s.goldenbooking.security.JwtFilter [http-nio-8080-exec-10] Usuario admin1 autenticado correctamente. IP: 0:0:0:0:0:0:0:1 | Endpoint: /api/habitaciones
2026-06-28 20:59:27 INFO  c.s.goldenbooking.security.JwtFilter [http-nio-8080-exec-5] Usuario admin1 autenticado correctamente. IP: 0:0:0:0:0:0:0:1 | Endpoint: /api/habitaciones
2026-06-28 20:59:27 INFO  c.s.goldenbooking.security.JwtFilter [http-nio-8080-exec-6] Usuario admin1 autenticado correctamente. IP: 0:0:0:0:0:0:0:1 | Endpoint: /api/tipohabitaciones
2026-06-28 20:59:27 INFO  c.s.goldenbooking.security.JwtFilter [http-nio-8080-exec-7] Usuario admin1 autenticado correctamente. IP: 0:0:0:0:0:0:0:1 | Endpoint: /api/habitaciones
2026-06-28 20:59:27 INFO  c.s.goldenbooking.security.JwtFilter [http-nio-8080-exec-8] Usuario admin1 autenticado correctamente. IP: 0:0:0:0:0:0:0:1 | Endpoint: /api/tipohabitaciones
2026-06-28 20:59:30 INFO  c.s.goldenbooking.security.JwtFilter [http-nio-8080-exec-9] Usuario admin1 autenticado correctamente. IP: 0:0:0:0:0:0:0:1 | Endpoint: /api/tipohabitaciones
2026-06-28 20:59:30 INFO  c.s.goldenbooking.security.JwtFilter [http-nio-8080-exec-10] Usuario admin1 autenticado correctamente. IP: 0:0:0:0:0:0:0:1 | Endpoint: /api/tipohabitaciones
2026-06-28 20:59:32 INFO  c.s.goldenbooking.security.JwtFilter [http-nio-8080-exec-4] Usuario admin1 autenticado correctamente. IP: 0:0:0:0:0:0:0:1 | Endpoint: /api/habitaciones
2026-06-28 20:59:32 INFO  c.s.goldenbooking.security.JwtFilter [http-nio-8080-exec-1] Usuario admin1 autenticado correctamente. IP: 0:0:0:0:0:0:0:1 | Endpoint: /api/tipohabitaciones
2026-06-28 20:59:32 INFO  c.s.goldenbooking.security.JwtFilter [http-nio-8080-exec-2] Usuario admin1 autenticado correctamente. IP: 0:0:0:0:0:0:0:1 | Endpoint: /api/habitaciones
2026-06-28 20:59:32 INFO  c.s.goldenbooking.security.JwtFilter [http-nio-8080-exec-3] Usuario admin1 autenticado correctamente. IP: 0:0:0:0:0:0:0:1 | Endpoint: /api/tipohabitaciones
2026-06-28 20:59:32 INFO  c.s.goldenbooking.security.JwtFilter [http-nio-8080-exec-7] Usuario admin1 autenticado correctamente. IP: 0:0:0:0:0:0:0:1 | Endpoint: /api/habitaciones
2026-06-28 20:59:32 INFO  c.s.goldenbooking.security.JwtFilter [http-nio-8080-exec-8] Usuario admin1 autenticado correctamente. IP: 0:0:0:0:0:0:0:1 | Endpoint: /api/habitaciones
2026-06-28 20:59:44 INFO  c.s.goldenbooking.security.JwtFilter [http-nio-8080-exec-1] Usuario admin1 autenticado correctamente. IP: 0:0:0:0:0:0:0:1 | Endpoint: /api/reservas/deporte
2026-06-28 20:59:44 INFO  c.s.goldenbooking.security.JwtFilter [http-nio-8080-exec-4] Usuario admin1 autenticado correctamente. IP: 0:0:0:0:0:0:0:1 | Endpoint: /api/reservas/deporte
2026-06-28 20:59:47 INFO  c.s.goldenbooking.security.JwtFilter [http-nio-8080-exec-3] Usuario admin1 autenticado correctamente. IP: 0:0:0:0:0:0:0:1 | Endpoint: /api/reservas/deporte
2026-06-28 20:59:47 INFO  c.s.goldenbooking.security.JwtFilter [http-nio-8080-exec-2] Usuario admin1 autenticado correctamente. IP: 0:0:0:0:0:0:0:1 | Endpoint: /api/reservas/deporte
2026-06-28 20:59:52 INFO  c.s.goldenbooking.security.JwtFilter [http-nio-8080-exec-6] Usuario admin1 autenticado correctamente. IP: 0:0:0:0:0:0:0:1 | Endpoint: /api/reservas/deporte/6a416f1ca84cd508ff67d6ba/cancelar
2026-06-28 20:59:59 INFO  c.s.goldenbooking.security.JwtFilter [http-nio-8080-exec-8] Usuario admin1 autenticado correctamente. IP: 0:0:0:0:0:0:0:1 | Endpoint: /api/reservas/deporte/69db3c2054db5d0e7f573dd8/cancelar
2026-06-28 21:16:13 INFO  c.s.goldenbooking.security.JwtFilter [http-nio-8080-exec-3] Usuario admin1 autenticado correctamente. IP: 0:0:0:0:0:0:0:1 | Endpoint: /api/usuarios
2026-06-28 21:16:13 INFO  c.s.goldenbooking.security.JwtFilter [http-nio-8080-exec-4] Usuario admin1 autenticado correctamente. IP: 0:0:0:0:0:0:0:1 | Endpoint: /api/usuarios
2026-06-28 21:43:29 INFO  c.s.goldenbooking.security.JwtFilter [http-nio-8080-exec-2] Usuario admin1 autenticado correctamente. IP: 0:0:0:0:0:0:0:1 | Endpoint: /auth/logout
2026-06-28 21:43:32 INFO  c.s.goldenbooking.security.JwtFilter [http-nio-8080-exec-6] Usuario admin1 autenticado correctamente. IP: 0:0:0:0:0:0:0:1 | Endpoint: /api/usuarios/6a3d890191160b49f97bd67d
2026-06-28 21:43:34 INFO  c.s.goldenbooking.security.JwtFilter [http-nio-8080-exec-9] Usuario admin1 autenticado correctamente. IP: 0:0:0:0:0:0:0:1 | Endpoint: /api/habitaciones
2026-06-28 21:43:34 INFO  c.s.goldenbooking.security.JwtFilter [http-nio-8080-exec-10] Usuario admin1 autenticado correctamente. IP: 0:0:0:0:0:0:0:1 | Endpoint: /api/habitaciones
2026-06-28 21:43:36 INFO  c.s.goldenbooking.security.JwtFilter [http-nio-8080-exec-2] Usuario admin1 autenticado correctamente. IP: 0:0:0:0:0:0:0:1 | Endpoint: /api/habitaciones
2026-06-28 21:43:36 INFO  c.s.goldenbooking.security.JwtFilter [http-nio-8080-exec-4] Usuario admin1 autenticado correctamente. IP: 0:0:0:0:0:0:0:1 | Endpoint: /api/tipohabitaciones
2026-06-28 21:43:36 INFO  c.s.goldenbooking.security.JwtFilter [http-nio-8080-exec-5] Usuario admin1 autenticado correctamente. IP: 0:0:0:0:0:0:0:1 | Endpoint: /api/habitaciones
2026-06-28 21:43:36 INFO  c.s.goldenbooking.security.JwtFilter [http-nio-8080-exec-6] Usuario admin1 autenticado correctamente. IP: 0:0:0:0:0:0:0:1 | Endpoint: /api/tipohabitaciones
2026-06-28 21:43:38 INFO  c.s.goldenbooking.security.JwtFilter [http-nio-8080-exec-7] Usuario admin1 autenticado correctamente. IP: 0:0:0:0:0:0:0:1 | Endpoint: /api/tipohabitaciones
2026-06-28 21:43:38 INFO  c.s.goldenbooking.security.JwtFilter [http-nio-8080-exec-8] Usuario admin1 autenticado correctamente. IP: 0:0:0:0:0:0:0:1 | Endpoint: /api/tipohabitaciones
2026-06-28 21:43:39 INFO  c.s.goldenbooking.security.JwtFilter [http-nio-8080-exec-9] Usuario admin1 autenticado correctamente. IP: 0:0:0:0:0:0:0:1 | Endpoint: /api/habitaciones
2026-06-28 21:43:39 INFO  c.s.goldenbooking.security.JwtFilter [http-nio-8080-exec-10] Usuario admin1 autenticado correctamente. IP: 0:0:0:0:0:0:0:1 | Endpoint: /api/tipohabitaciones
2026-06-28 21:43:39 INFO  c.s.goldenbooking.security.JwtFilter [http-nio-8080-exec-3] Usuario admin1 autenticado correctamente. IP: 0:0:0:0:0:0:0:1 | Endpoint: /api/tipohabitaciones
2026-06-28 21:43:39 INFO  c.s.goldenbooking.security.JwtFilter [http-nio-8080-exec-1] Usuario admin1 autenticado correctamente. IP: 0:0:0:0:0:0:0:1 | Endpoint: /api/habitaciones
2026-06-28 21:43:39 INFO  c.s.goldenbooking.security.JwtFilter [http-nio-8080-exec-6] Usuario admin1 autenticado correctamente. IP: 0:0:0:0:0:0:0:1 | Endpoint: /api/habitaciones
2026-06-28 21:43:39 INFO  c.s.goldenbooking.security.JwtFilter [http-nio-8080-exec-5] Usuario admin1 autenticado correctamente. IP: 0:0:0:0:0:0:0:1 | Endpoint: /api/habitaciones
2026-06-28 21:43:40 INFO  c.s.goldenbooking.security.JwtFilter [http-nio-8080-exec-7] Usuario admin1 autenticado correctamente. IP: 0:0:0:0:0:0:0:1 | Endpoint: /api/tipohabitaciones
2026-06-28 21:43:40 INFO  c.s.goldenbooking.security.JwtFilter [http-nio-8080-exec-7] Usuario admin1 autenticado correctamente. IP: 0:0:0:0:0:0:0:1 | Endpoint: /api/tipohabitaciones
2026-06-28 21:43:43 INFO  c.s.goldenbooking.security.JwtFilter [http-nio-8080-exec-3] Usuario admin1 autenticado correctamente. IP: 0:0:0:0:0:0:0:1 | Endpoint: /api/tipohabitaciones
2026-06-28 21:43:43 INFO  c.s.goldenbooking.security.JwtFilter [http-nio-8080-exec-1] Usuario admin1 autenticado correctamente. IP: 0:0:0:0:0:0:0:1 | Endpoint: /api/tipohabitaciones
2026-06-28 21:43:57 INFO  c.s.goldenbooking.security.JwtFilter [http-nio-8080-exec-4] Usuario admin1 autenticado correctamente. IP: 0:0:0:0:0:0:0:1 | Endpoint: /api/tipohabitaciones
2026-06-28 21:43:57 INFO  c.s.goldenbooking.security.JwtFilter [http-nio-8080-exec-6] Usuario admin1 autenticado correctamente. IP: 0:0:0:0:0:0:0:1 | Endpoint: /api/tipohabitaciones
2026-06-28 21:44:01 INFO  c.s.goldenbooking.security.JwtFilter [http-nio-8080-exec-7] Usuario admin1 autenticado correctamente. IP: 0:0:0:0:0:0:0:1 | Endpoint: /api/habitaciones
2026-06-28 21:44:01 INFO  c.s.goldenbooking.security.JwtFilter [http-nio-8080-exec-9] Usuario admin1 autenticado correctamente. IP: 0:0:0:0:0:0:0:1 | Endpoint: /api/habitaciones
2026-06-28 21:44:02 INFO  c.s.goldenbooking.security.JwtFilter [http-nio-8080-exec-3] Usuario admin1 autenticado correctamente. IP: 0:0:0:0:0:0:0:1 | Endpoint: /api/tipohabitaciones
2026-06-28 21:44:02 INFO  c.s.goldenbooking.security.JwtFilter [http-nio-8080-exec-10] Usuario admin1 autenticado correctamente. IP: 0:0:0:0:0:0:0:1 | Endpoint: /api/habitaciones
2026-06-28 21:44:02 INFO  c.s.goldenbooking.security.JwtFilter [http-nio-8080-exec-2] Usuario admin1 autenticado correctamente. IP: 0:0:0:0:0:0:0:1 | Endpoint: /api/habitaciones
2026-06-28 21:44:02 INFO  c.s.goldenbooking.security.JwtFilter [http-nio-8080-exec-1] Usuario admin1 autenticado correctamente. IP: 0:0:0:0:0:0:0:1 | Endpoint: /api/tipohabitaciones
2026-06-28 21:44:04 INFO  c.s.goldenbooking.security.JwtFilter [http-nio-8080-exec-4] Usuario admin1 autenticado correctamente. IP: 0:0:0:0:0:0:0:1 | Endpoint: /api/habitaciones
2026-06-28 21:44:04 INFO  c.s.goldenbooking.security.JwtFilter [http-nio-8080-exec-6] Usuario admin1 autenticado correctamente. IP: 0:0:0:0:0:0:0:1 | Endpoint: /api/habitaciones
2026-06-28 21:44:06 INFO  c.s.goldenbooking.security.JwtFilter [http-nio-8080-exec-7] Usuario admin1 autenticado correctamente. IP: 0:0:0:0:0:0:0:1 | Endpoint: /api/tipohabitaciones
2026-06-28 21:44:06 INFO  c.s.goldenbooking.security.JwtFilter [http-nio-8080-exec-9] Usuario admin1 autenticado correctamente. IP: 0:0:0:0:0:0:0:1 | Endpoint: /api/tipohabitaciones
2026-06-28 21:44:07 INFO  c.s.goldenbooking.security.JwtFilter [http-nio-8080-exec-2] Usuario admin1 autenticado correctamente. IP: 0:0:0:0:0:0:0:1 | Endpoint: /api/habitaciones
2026-06-28 21:44:08 INFO  c.s.goldenbooking.security.JwtFilter [http-nio-8080-exec-1] Usuario admin1 autenticado correctamente. IP: 0:0:0:0:0:0:0:1 | Endpoint: /api/habitaciones
2026-06-28 21:44:10 INFO  c.s.goldenbooking.security.JwtFilter [http-nio-8080-exec-4] Usuario admin1 autenticado correctamente. IP: 0:0:0:0:0:0:0:1 | Endpoint: /api/tipohabitaciones
2026-06-28 21:44:10 INFO  c.s.goldenbooking.security.JwtFilter [http-nio-8080-exec-6] Usuario admin1 autenticado correctamente. IP: 0:0:0:0:0:0:0:1 | Endpoint: /api/tipohabitaciones
2026-06-28 22:10:36 INFO  c.s.goldenbooking.security.JwtFilter [http-nio-8080-exec-3] Usuario admin1 autenticado correctamente. IP: 0:0:0:0:0:0:0:1 | Endpoint: /api/usuarios
2026-06-28 22:10:36 INFO  c.s.goldenbooking.security.JwtFilter [http-nio-8080-exec-4] Usuario admin1 autenticado correctamente. IP: 0:0:0:0:0:0:0:1 | Endpoint: /api/usuarios
2026-06-28 22:43:20 INFO  c.s.goldenbooking.security.JwtFilter [http-nio-8080-exec-2] Usuario admin1 autenticado correctamente. IP: 0:0:0:0:0:0:0:1 | Endpoint: /api/usuarios
2026-06-28 22:47:29 WARN  c.s.goldenbooking.security.JwtFilter [http-nio-8080-exec-5] Token JWT inválido o con firma alterada. IP: 0:0:0:0:0:0:0:1 | Endpoint: /auth/logout
2026-06-28 22:47:31 INFO  c.s.goldenbooking.security.JwtFilter [http-nio-8080-exec-9] Usuario admin1 autenticado correctamente. IP: 0:0:0:0:0:0:0:1 | Endpoint: /api/usuarios/6a3d890191160b49f97bd67d
2026-06-28 22:47:33 INFO  c.s.goldenbooking.security.JwtFilter [http-nio-8080-exec-2] Usuario admin1 autenticado correctamente. IP: 0:0:0:0:0:0:0:1 | Endpoint: /api/usuarios
2026-06-28 22:47:33 INFO  c.s.goldenbooking.security.JwtFilter [http-nio-8080-exec-3] Usuario admin1 autenticado correctamente. IP: 0:0:0:0:0:0:0:1 | Endpoint: /api/usuarios
2026-06-28 22:48:07 INFO  c.s.goldenbooking.security.JwtFilter [http-nio-8080-exec-10] Usuario admin1 autenticado correctamente. IP: 0:0:0:0:0:0:0:1 | Endpoint: /api/usuarios
2026-06-28 22:48:07 INFO  c.s.goldenbooking.security.JwtFilter [http-nio-8080-exec-1] Usuario admin1 autenticado correctamente. IP: 0:0:0:0:0:0:0:1 | Endpoint: /api/usuarios
2026-06-28 22:48:31 INFO  c.s.goldenbooking.security.JwtFilter [http-nio-8080-exec-6] Usuario admin1 autenticado correctamente. IP: 0:0:0:0:0:0:0:1 | Endpoint: /api/usuarios
2026-06-28 22:48:31 INFO  c.s.goldenbooking.security.JwtFilter [http-nio-8080-exec-7] Usuario admin1 autenticado correctamente. IP: 0:0:0:0:0:0:0:1 | Endpoint: /api/usuarios
2026-06-28 22:50:12 INFO  c.s.goldenbooking.security.JwtFilter [http-nio-8080-exec-4] Usuario admin1 autenticado correctamente. IP: 0:0:0:0:0:0:0:1 | Endpoint: /api/usuarios
2026-06-28 22:50:12 INFO  c.s.goldenbooking.security.JwtFilter [http-nio-8080-exec-5] Usuario admin1 autenticado correctamente. IP: 0:0:0:0:0:0:0:1 | Endpoint: /api/usuarios
2026-06-28 22:50:15 INFO  c.s.goldenbooking.security.JwtFilter [http-nio-8080-exec-7] Usuario admin1 autenticado correctamente. IP: 0:0:0:0:0:0:0:1 | Endpoint: /api/usuarios
2026-06-28 22:50:18 INFO  c.s.goldenbooking.security.JwtFilter [http-nio-8080-exec-8] Usuario admin1 autenticado correctamente. IP: 0:0:0:0:0:0:0:1 | Endpoint: /api/usuarios
2026-06-28 22:50:21 INFO  c.s.goldenbooking.security.JwtFilter [http-nio-8080-exec-1] Usuario admin1 autenticado correctamente. IP: 0:0:0:0:0:0:0:1 | Endpoint: /api/usuarios
2026-06-28 22:50:23 INFO  c.s.goldenbooking.security.JwtFilter [http-nio-8080-exec-2] Usuario admin1 autenticado correctamente. IP: 0:0:0:0:0:0:0:1 | Endpoint: /api/usuarios
2026-06-28 22:51:24 INFO  c.s.goldenbooking.security.JwtFilter [http-nio-8080-exec-7] Usuario admin1 autenticado correctamente. IP: 0:0:0:0:0:0:0:1 | Endpoint: /api/reservas/deporte
2026-06-28 22:51:24 INFO  c.s.goldenbooking.security.JwtFilter [http-nio-8080-exec-9] Usuario admin1 autenticado correctamente. IP: 0:0:0:0:0:0:0:1 | Endpoint: /api/reservas/deporte
2026-06-28 22:51:32 INFO  c.s.goldenbooking.security.JwtFilter [http-nio-8080-exec-1] Usuario admin1 autenticado correctamente. IP: 0:0:0:0:0:0:0:1 | Endpoint: /api/reservas/deporte
2026-06-28 22:51:32 INFO  c.s.goldenbooking.security.JwtFilter [http-nio-8080-exec-2] Usuario admin1 autenticado correctamente. IP: 0:0:0:0:0:0:0:1 | Endpoint: /api/reservas/deporte
