2026-06-29 00:27:20 WARN  c.s.goldenbooking.security.JwtFilter [http-nio-8080-exec-2] Token JWT inválido o con firma alterada. IP: 0:0:0:0:0:0:0:1 | Endpoint: /auth/logout
2026-06-29 00:27:25 INFO  c.s.goldenbooking.security.JwtFilter [http-nio-8080-exec-6] Usuario admin1 autenticado correctamente. IP: 0:0:0:0:0:0:0:1 | Endpoint: /api/usuarios/6a3d890191160b49f97bd67d
2026-06-29 00:27:29 INFO  c.s.goldenbooking.security.JwtFilter [http-nio-8080-exec-9] Usuario admin1 autenticado correctamente. IP: 0:0:0:0:0:0:0:1 | Endpoint: /api/usuarios
2026-06-29 00:27:29 INFO  c.s.goldenbooking.security.JwtFilter [http-nio-8080-exec-10] Usuario admin1 autenticado correctamente. IP: 0:0:0:0:0:0:0:1 | Endpoint: /api/usuarios
2026-06-29 00:27:31 INFO  c.s.goldenbooking.security.JwtFilter [http-nio-8080-exec-2] Usuario admin1 autenticado correctamente. IP: 0:0:0:0:0:0:0:1 | Endpoint: /api/usuarios
2026-06-29 00:27:38 INFO  c.s.goldenbooking.security.JwtFilter [http-nio-8080-exec-4] Usuario admin1 autenticado correctamente. IP: 0:0:0:0:0:0:0:1 | Endpoint: /api/usuarios
2026-06-29 01:07:06 INFO  c.s.goldenbooking.security.JwtFilter [http-nio-8080-exec-9] Usuario admin1 autenticado correctamente. IP: 0:0:0:0:0:0:0:1 | Endpoint: /api/habitaciones
2026-06-29 01:07:06 INFO  c.s.goldenbooking.security.JwtFilter [http-nio-8080-exec-10] Usuario admin1 autenticado correctamente. IP: 0:0:0:0:0:0:0:1 | Endpoint: /api/habitaciones
2026-06-29 01:07:34 INFO  c.s.goldenbooking.security.JwtFilter [http-nio-8080-exec-4] Usuario admin1 autenticado correctamente. IP: 0:0:0:0:0:0:0:1 | Endpoint: /api/usuarios/6a3d890191160b49f97bd67d
2026-06-29 01:08:18 INFO  c.s.goldenbooking.security.JwtFilter [http-nio-8080-exec-7] Usuario admin1 autenticado correctamente. IP: 0:0:0:0:0:0:0:1 | Endpoint: /api/habitaciones
2026-06-29 01:08:18 INFO  c.s.goldenbooking.security.JwtFilter [http-nio-8080-exec-9] Usuario admin1 autenticado correctamente. IP: 0:0:0:0:0:0:0:1 | Endpoint: /api/habitaciones
2026-06-29 01:09:21 INFO  c.s.goldenbooking.security.JwtFilter [http-nio-8080-exec-4] Usuario admin1 autenticado correctamente. IP: 0:0:0:0:0:0:0:1 | Endpoint: /api/habitaciones
2026-06-29 01:09:21 INFO  c.s.goldenbooking.security.JwtFilter [http-nio-8080-exec-5] Usuario admin1 autenticado correctamente. IP: 0:0:0:0:0:0:0:1 | Endpoint: /api/habitaciones
2026-06-29 01:10:16 INFO  c.s.goldenbooking.security.JwtFilter [http-nio-8080-exec-7] Usuario admin1 autenticado correctamente. IP: 0:0:0:0:0:0:0:1 | Endpoint: /api/habitaciones
2026-06-29 01:10:16 INFO  c.s.goldenbooking.security.JwtFilter [http-nio-8080-exec-9] Usuario admin1 autenticado correctamente. IP: 0:0:0:0:0:0:0:1 | Endpoint: /api/habitaciones
2026-06-29 01:10:32 INFO  c.s.goldenbooking.security.JwtFilter [http-nio-8080-exec-2] Usuario admin1 autenticado correctamente. IP: 0:0:0:0:0:0:0:1 | Endpoint: /api/habitaciones
2026-06-29 01:10:32 INFO  c.s.goldenbooking.security.JwtFilter [http-nio-8080-exec-3] Usuario admin1 autenticado correctamente. IP: 0:0:0:0:0:0:0:1 | Endpoint: /api/habitaciones
2026-06-29 01:16:29 INFO  c.s.goldenbooking.security.JwtFilter [http-nio-8080-exec-9] Usuario admin1 autenticado correctamente. IP: 0:0:0:0:0:0:0:1 | Endpoint: /api/usuarios/6a3d890191160b49f97bd67d
2026-06-29 01:16:33 INFO  c.s.goldenbooking.security.JwtFilter [http-nio-8080-exec-2] Usuario admin1 autenticado correctamente. IP: 0:0:0:0:0:0:0:1 | Endpoint: /api/reservas/deporte
2026-06-29 01:16:33 INFO  c.s.goldenbooking.security.JwtFilter [http-nio-8080-exec-3] Usuario admin1 autenticado correctamente. IP: 0:0:0:0:0:0:0:1 | Endpoint: /api/reservas/deporte
2026-06-29 01:16:35 INFO  c.s.goldenbooking.security.JwtFilter [http-nio-8080-exec-4] Usuario admin1 autenticado correctamente. IP: 0:0:0:0:0:0:0:1 | Endpoint: /api/reservas/deporte
2026-06-29 01:16:39 INFO  c.s.goldenbooking.security.JwtFilter [http-nio-8080-exec-7] Usuario admin1 autenticado correctamente. IP: 0:0:0:0:0:0:0:1 | Endpoint: /api/reservas/deporte
2026-06-29 01:16:39 INFO  c.s.goldenbooking.security.JwtFilter [http-nio-8080-exec-9] Usuario admin1 autenticado correctamente. IP: 0:0:0:0:0:0:0:1 | Endpoint: /api/reservas/deporte
2026-06-29 01:16:53 INFO  c.s.goldenbooking.security.JwtFilter [http-nio-8080-exec-2] Usuario admin1 autenticado correctamente. IP: 0:0:0:0:0:0:0:1 | Endpoint: /api/usuarios
2026-06-29 01:16:53 INFO  c.s.goldenbooking.security.JwtFilter [http-nio-8080-exec-3] Usuario admin1 autenticado correctamente. IP: 0:0:0:0:0:0:0:1 | Endpoint: /api/usuarios
2026-06-29 01:16:55 INFO  c.s.goldenbooking.security.JwtFilter [http-nio-8080-exec-4] Usuario admin1 autenticado correctamente. IP: 0:0:0:0:0:0:0:1 | Endpoint: /api/usuarios
2026-06-29 01:16:59 INFO  c.s.goldenbooking.security.JwtFilter [http-nio-8080-exec-7] Usuario admin1 autenticado correctamente. IP: 0:0:0:0:0:0:0:1 | Endpoint: /api/habitaciones
2026-06-29 01:16:59 INFO  c.s.goldenbooking.security.JwtFilter [http-nio-8080-exec-9] Usuario admin1 autenticado correctamente. IP: 0:0:0:0:0:0:0:1 | Endpoint: /api/habitaciones
2026-06-29 01:17:41 INFO  c.s.goldenbooking.security.JwtFilter [http-nio-8080-exec-3] Usuario admin1 autenticado correctamente. IP: 0:0:0:0:0:0:0:1 | Endpoint: /api/usuarios/6a3d890191160b49f97bd67d
2026-06-29 01:21:28 INFO  c.s.goldenbooking.security.JwtFilter [http-nio-8080-exec-7] Usuario admin1 autenticado correctamente. IP: 0:0:0:0:0:0:0:1 | Endpoint: /api/habitaciones
2026-06-29 01:21:28 INFO  c.s.goldenbooking.security.JwtFilter [http-nio-8080-exec-9] Usuario admin1 autenticado correctamente. IP: 0:0:0:0:0:0:0:1 | Endpoint: /api/habitaciones
2026-06-29 01:25:04 INFO  c.s.goldenbooking.security.JwtFilter [http-nio-8080-exec-3] Usuario admin1 autenticado correctamente. IP: 0:0:0:0:0:0:0:1 | Endpoint: /api/habitaciones
2026-06-29 01:25:04 INFO  c.s.goldenbooking.security.JwtFilter [http-nio-8080-exec-5] Usuario admin1 autenticado correctamente. IP: 0:0:0:0:0:0:0:1 | Endpoint: /api/habitaciones
2026-06-29 01:25:19 INFO  c.s.goldenbooking.security.JwtFilter [http-nio-8080-exec-8] Usuario admin1 autenticado correctamente. IP: 0:0:0:0:0:0:0:1 | Endpoint: /api/habitaciones
2026-06-29 01:25:19 INFO  c.s.goldenbooking.security.JwtFilter [http-nio-8080-exec-7] Usuario admin1 autenticado correctamente. IP: 0:0:0:0:0:0:0:1 | Endpoint: /api/habitaciones
2026-06-29 01:26:30 INFO  c.s.goldenbooking.security.JwtFilter [http-nio-8080-exec-3] Usuario admin1 autenticado correctamente. IP: 0:0:0:0:0:0:0:1 | Endpoint: /api/habitaciones
2026-06-29 01:26:31 INFO  c.s.goldenbooking.security.JwtFilter [http-nio-8080-exec-4] Usuario admin1 autenticado correctamente. IP: 0:0:0:0:0:0:0:1 | Endpoint: /api/habitaciones
2026-06-29 01:27:14 INFO  c.s.goldenbooking.security.JwtFilter [http-nio-8080-exec-7] Usuario admin1 autenticado correctamente. IP: 0:0:0:0:0:0:0:1 | Endpoint: /api/habitaciones
2026-06-29 01:27:14 INFO  c.s.goldenbooking.security.JwtFilter [http-nio-8080-exec-8] Usuario admin1 autenticado correctamente. IP: 0:0:0:0:0:0:0:1 | Endpoint: /api/habitaciones
2026-06-29 01:27:27 INFO  c.s.goldenbooking.security.JwtFilter [http-nio-8080-exec-1] Usuario admin1 autenticado correctamente. IP: 0:0:0:0:0:0:0:1 | Endpoint: /api/usuarios/6a3d890191160b49f97bd67d
2026-06-29 01:27:30 INFO  c.s.goldenbooking.security.JwtFilter [http-nio-8080-exec-5] Usuario admin1 autenticado correctamente. IP: 0:0:0:0:0:0:0:1 | Endpoint: /api/habitaciones
2026-06-29 01:27:30 INFO  c.s.goldenbooking.security.JwtFilter [http-nio-8080-exec-6] Usuario admin1 autenticado correctamente. IP: 0:0:0:0:0:0:0:1 | Endpoint: /api/habitaciones
2026-06-29 01:28:12 INFO  c.s.goldenbooking.security.JwtFilter [http-nio-8080-exec-8] Usuario admin1 autenticado correctamente. IP: 0:0:0:0:0:0:0:1 | Endpoint: /api/habitaciones
2026-06-29 01:28:12 INFO  c.s.goldenbooking.security.JwtFilter [http-nio-8080-exec-9] Usuario admin1 autenticado correctamente. IP: 0:0:0:0:0:0:0:1 | Endpoint: /api/habitaciones
2026-06-29 01:28:56 INFO  c.s.goldenbooking.security.JwtFilter [http-nio-8080-exec-2] Usuario admin1 autenticado correctamente. IP: 0:0:0:0:0:0:0:1 | Endpoint: /api/habitaciones
2026-06-29 01:28:57 INFO  c.s.goldenbooking.security.JwtFilter [http-nio-8080-exec-1] Usuario admin1 autenticado correctamente. IP: 0:0:0:0:0:0:0:1 | Endpoint: /api/habitaciones
2026-06-29 01:29:35 INFO  c.s.goldenbooking.security.JwtFilter [http-nio-8080-exec-6] Usuario admin1 autenticado correctamente. IP: 0:0:0:0:0:0:0:1 | Endpoint: /api/habitaciones
2026-06-29 01:29:36 INFO  c.s.goldenbooking.security.JwtFilter [http-nio-8080-exec-7] Usuario admin1 autenticado correctamente. IP: 0:0:0:0:0:0:0:1 | Endpoint: /api/habitaciones
2026-06-29 01:29:44 INFO  c.s.goldenbooking.security.JwtFilter [http-nio-8080-exec-10] Usuario admin1 autenticado correctamente. IP: 0:0:0:0:0:0:0:1 | Endpoint: /api/habitaciones
2026-06-29 01:29:44 INFO  c.s.goldenbooking.security.JwtFilter [http-nio-8080-exec-2] Usuario admin1 autenticado correctamente. IP: 0:0:0:0:0:0:0:1 | Endpoint: /api/habitaciones
2026-06-29 01:29:54 INFO  c.s.goldenbooking.security.JwtFilter [http-nio-8080-exec-4] Usuario admin1 autenticado correctamente. IP: 0:0:0:0:0:0:0:1 | Endpoint: /api/habitaciones
2026-06-29 01:29:54 INFO  c.s.goldenbooking.security.JwtFilter [http-nio-8080-exec-5] Usuario admin1 autenticado correctamente. IP: 0:0:0:0:0:0:0:1 | Endpoint: /api/habitaciones
2026-06-29 01:30:27 INFO  c.s.goldenbooking.security.JwtFilter [http-nio-8080-exec-8] Usuario admin1 autenticado correctamente. IP: 0:0:0:0:0:0:0:1 | Endpoint: /api/habitaciones
2026-06-29 01:30:29 INFO  c.s.goldenbooking.security.JwtFilter [http-nio-8080-exec-9] Usuario admin1 autenticado correctamente. IP: 0:0:0:0:0:0:0:1 | Endpoint: /api/habitaciones
2026-06-29 01:32:14 INFO  c.s.goldenbooking.security.JwtFilter [http-nio-8080-exec-3] Usuario admin1 autenticado correctamente. IP: 0:0:0:0:0:0:0:1 | Endpoint: /api/habitaciones
2026-06-29 01:32:14 INFO  c.s.goldenbooking.security.JwtFilter [http-nio-8080-exec-4] Usuario admin1 autenticado correctamente. IP: 0:0:0:0:0:0:0:1 | Endpoint: /api/habitaciones
2026-06-29 01:33:04 INFO  c.s.goldenbooking.security.JwtFilter [http-nio-8080-exec-6] Usuario admin1 autenticado correctamente. IP: 0:0:0:0:0:0:0:1 | Endpoint: /api/habitaciones
2026-06-29 01:33:04 INFO  c.s.goldenbooking.security.JwtFilter [http-nio-8080-exec-7] Usuario admin1 autenticado correctamente. IP: 0:0:0:0:0:0:0:1 | Endpoint: /api/habitaciones
2026-06-29 01:37:24 INFO  c.s.goldenbooking.security.JwtFilter [http-nio-8080-exec-1] Usuario admin1 autenticado correctamente. IP: 0:0:0:0:0:0:0:1 | Endpoint: /api/usuarios/6a3d890191160b49f97bd67d
2026-06-29 01:37:28 INFO  c.s.goldenbooking.security.JwtFilter [http-nio-8080-exec-5] Usuario admin1 autenticado correctamente. IP: 0:0:0:0:0:0:0:1 | Endpoint: /api/habitaciones
2026-06-29 01:37:28 INFO  c.s.goldenbooking.security.JwtFilter [http-nio-8080-exec-6] Usuario admin1 autenticado correctamente. IP: 0:0:0:0:0:0:0:1 | Endpoint: /api/habitaciones
2026-06-29 01:49:12 INFO  c.s.goldenbooking.security.JwtFilter [http-nio-8080-exec-4] Usuario admin1 autenticado correctamente. IP: 0:0:0:0:0:0:0:1 | Endpoint: /api/usuarios/6a3d890191160b49f97bd67d
2026-06-29 01:49:17 INFO  c.s.goldenbooking.security.JwtFilter [http-nio-8080-exec-7] Usuario admin1 autenticado correctamente. IP: 0:0:0:0:0:0:0:1 | Endpoint: /api/habitaciones
2026-06-29 01:49:17 INFO  c.s.goldenbooking.security.JwtFilter [http-nio-8080-exec-8] Usuario admin1 autenticado correctamente. IP: 0:0:0:0:0:0:0:1 | Endpoint: /api/habitaciones
2026-06-29 01:49:19 INFO  c.s.goldenbooking.security.JwtFilter [http-nio-8080-exec-9] Usuario admin1 autenticado correctamente. IP: 0:0:0:0:0:0:0:1 | Endpoint: /api/habitaciones
2026-06-29 01:49:19 INFO  c.s.goldenbooking.security.JwtFilter [http-nio-8080-exec-2] Usuario admin1 autenticado correctamente. IP: 0:0:0:0:0:0:0:1 | Endpoint: /api/tipohabitaciones
2026-06-29 01:49:19 INFO  c.s.goldenbooking.security.JwtFilter [http-nio-8080-exec-3] Usuario admin1 autenticado correctamente. IP: 0:0:0:0:0:0:0:1 | Endpoint: /api/habitaciones
2026-06-29 01:49:19 INFO  c.s.goldenbooking.security.JwtFilter [http-nio-8080-exec-4] Usuario admin1 autenticado correctamente. IP: 0:0:0:0:0:0:0:1 | Endpoint: /api/tipohabitaciones
2026-06-29 01:49:20 INFO  c.s.goldenbooking.security.JwtFilter [http-nio-8080-exec-5] Usuario admin1 autenticado correctamente. IP: 0:0:0:0:0:0:0:1 | Endpoint: /api/habitaciones
2026-06-29 01:49:21 INFO  c.s.goldenbooking.security.JwtFilter [http-nio-8080-exec-6] Usuario admin1 autenticado correctamente. IP: 0:0:0:0:0:0:0:1 | Endpoint: /api/habitaciones
2026-06-29 01:49:22 INFO  c.s.goldenbooking.security.JwtFilter [http-nio-8080-exec-7] Usuario admin1 autenticado correctamente. IP: 0:0:0:0:0:0:0:1 | Endpoint: /api/tipohabitaciones
2026-06-29 01:49:22 INFO  c.s.goldenbooking.security.JwtFilter [http-nio-8080-exec-8] Usuario admin1 autenticado correctamente. IP: 0:0:0:0:0:0:0:1 | Endpoint: /api/tipohabitaciones
2026-06-29 01:49:23 INFO  c.s.goldenbooking.security.JwtFilter [http-nio-8080-exec-9] Usuario admin1 autenticado correctamente. IP: 0:0:0:0:0:0:0:1 | Endpoint: /api/habitaciones
2026-06-29 01:49:23 INFO  c.s.goldenbooking.security.JwtFilter [http-nio-8080-exec-2] Usuario admin1 autenticado correctamente. IP: 0:0:0:0:0:0:0:1 | Endpoint: /api/habitaciones
2026-06-29 01:49:26 INFO  c.s.goldenbooking.security.JwtFilter [http-nio-8080-exec-3] Usuario admin1 autenticado correctamente. IP: 0:0:0:0:0:0:0:1 | Endpoint: /api/habitaciones
2026-06-29 01:49:26 INFO  c.s.goldenbooking.security.JwtFilter [http-nio-8080-exec-4] Usuario admin1 autenticado correctamente. IP: 0:0:0:0:0:0:0:1 | Endpoint: /api/habitaciones
2026-06-29 02:04:29 INFO  c.s.goldenbooking.security.JwtFilter [http-nio-8080-exec-10] Usuario admin1 autenticado correctamente. IP: 0:0:0:0:0:0:0:1 | Endpoint: /auth/logout
2026-06-29 02:11:59 INFO  c.s.goldenbooking.security.JwtFilter [http-nio-8080-exec-4] Usuario admin1 autenticado correctamente. IP: 0:0:0:0:0:0:0:1 | Endpoint: /api/usuarios/6a3d890191160b49f97bd67d
2026-06-29 02:12:10 INFO  c.s.goldenbooking.security.JwtFilter [http-nio-8080-exec-7] Usuario admin1 autenticado correctamente. IP: 0:0:0:0:0:0:0:1 | Endpoint: /api/habitaciones
2026-06-29 02:12:10 INFO  c.s.goldenbooking.security.JwtFilter [http-nio-8080-exec-8] Usuario admin1 autenticado correctamente. IP: 0:0:0:0:0:0:0:1 | Endpoint: /api/habitaciones
2026-06-29 02:12:12 INFO  c.s.goldenbooking.security.JwtFilter [http-nio-8080-exec-9] Usuario admin1 autenticado correctamente. IP: 0:0:0:0:0:0:0:1 | Endpoint: /api/tipohabitaciones
2026-06-29 02:12:12 INFO  c.s.goldenbooking.security.JwtFilter [http-nio-8080-exec-2] Usuario admin1 autenticado correctamente. IP: 0:0:0:0:0:0:0:1 | Endpoint: /api/tipohabitaciones
2026-06-29 02:12:15 INFO  c.s.goldenbooking.security.JwtFilter [http-nio-8080-exec-5] Usuario admin1 autenticado correctamente. IP: 0:0:0:0:0:0:0:1 | Endpoint: /api/usuarios
2026-06-29 02:12:15 INFO  c.s.goldenbooking.security.JwtFilter [http-nio-8080-exec-6] Usuario admin1 autenticado correctamente. IP: 0:0:0:0:0:0:0:1 | Endpoint: /api/usuarios
2026-06-29 02:14:26 INFO  c.s.goldenbooking.security.JwtFilter [http-nio-8080-exec-9] Usuario admin1 autenticado correctamente. IP: 0:0:0:0:0:0:0:1 | Endpoint: /api/reservas/deporte
2026-06-29 02:14:26 INFO  c.s.goldenbooking.security.JwtFilter [http-nio-8080-exec-2] Usuario admin1 autenticado correctamente. IP: 0:0:0:0:0:0:0:1 | Endpoint: /api/reservas/deporte
2026-06-29 02:14:27 INFO  c.s.goldenbooking.security.JwtFilter [http-nio-8080-exec-5] Usuario admin1 autenticado correctamente. IP: 0:0:0:0:0:0:0:1 | Endpoint: /api/reservas/deporte
2026-06-29 02:14:27 INFO  c.s.goldenbooking.security.JwtFilter [http-nio-8080-exec-6] Usuario admin1 autenticado correctamente. IP: 0:0:0:0:0:0:0:1 | Endpoint: /api/reservas/deporte
2026-06-29 02:14:29 INFO  c.s.goldenbooking.security.JwtFilter [http-nio-8080-exec-7] Usuario admin1 autenticado correctamente. IP: 0:0:0:0:0:0:0:1 | Endpoint: /api/reservas/deporte
2026-06-29 02:14:29 INFO  c.s.goldenbooking.security.JwtFilter [http-nio-8080-exec-8] Usuario admin1 autenticado correctamente. IP: 0:0:0:0:0:0:0:1 | Endpoint: /api/reservas/deporte
2026-06-29 02:14:33 INFO  c.s.goldenbooking.security.JwtFilter [http-nio-8080-exec-9] Usuario admin1 autenticado correctamente. IP: 0:0:0:0:0:0:0:1 | Endpoint: /api/habitaciones
2026-06-29 02:14:33 INFO  c.s.goldenbooking.security.JwtFilter [http-nio-8080-exec-2] Usuario admin1 autenticado correctamente. IP: 0:0:0:0:0:0:0:1 | Endpoint: /api/habitaciones
2026-06-29 02:14:34 INFO  c.s.goldenbooking.security.JwtFilter [http-nio-8080-exec-5] Usuario admin1 autenticado correctamente. IP: 0:0:0:0:0:0:0:1 | Endpoint: /api/habitaciones
2026-06-29 02:14:34 INFO  c.s.goldenbooking.security.JwtFilter [http-nio-8080-exec-6] Usuario admin1 autenticado correctamente. IP: 0:0:0:0:0:0:0:1 | Endpoint: /api/tipohabitaciones
2026-06-29 02:14:35 INFO  c.s.goldenbooking.security.JwtFilter [http-nio-8080-exec-7] Usuario admin1 autenticado correctamente. IP: 0:0:0:0:0:0:0:1 | Endpoint: /api/tipohabitaciones
2026-06-29 02:14:35 INFO  c.s.goldenbooking.security.JwtFilter [http-nio-8080-exec-8] Usuario admin1 autenticado correctamente. IP: 0:0:0:0:0:0:0:1 | Endpoint: /api/habitaciones
2026-06-29 02:14:36 INFO  c.s.goldenbooking.security.JwtFilter [http-nio-8080-exec-10] Usuario admin1 autenticado correctamente. IP: 0:0:0:0:0:0:0:1 | Endpoint: /api/habitaciones
2026-06-29 02:14:36 INFO  c.s.goldenbooking.security.JwtFilter [http-nio-8080-exec-1] Usuario admin1 autenticado correctamente. IP: 0:0:0:0:0:0:0:1 | Endpoint: /api/habitaciones
2026-06-29 02:14:37 INFO  c.s.goldenbooking.security.JwtFilter [http-nio-8080-exec-9] Usuario admin1 autenticado correctamente. IP: 0:0:0:0:0:0:0:1 | Endpoint: /api/tipohabitaciones
2026-06-29 02:14:37 INFO  c.s.goldenbooking.security.JwtFilter [http-nio-8080-exec-2] Usuario admin1 autenticado correctamente. IP: 0:0:0:0:0:0:0:1 | Endpoint: /api/tipohabitaciones
2026-06-29 02:14:37 INFO  c.s.goldenbooking.security.JwtFilter [http-nio-8080-exec-3] Usuario admin1 autenticado correctamente. IP: 0:0:0:0:0:0:0:1 | Endpoint: /api/habitaciones
2026-06-29 02:14:37 INFO  c.s.goldenbooking.security.JwtFilter [http-nio-8080-exec-4] Usuario admin1 autenticado correctamente. IP: 0:0:0:0:0:0:0:1 | Endpoint: /api/habitaciones
2026-06-29 02:16:52 INFO  c.s.goldenbooking.security.JwtFilter [http-nio-8080-exec-10] Usuario admin1 autenticado correctamente. IP: 0:0:0:0:0:0:0:1 | Endpoint: /api/usuarios
2026-06-29 02:16:52 INFO  c.s.goldenbooking.security.JwtFilter [http-nio-8080-exec-1] Usuario admin1 autenticado correctamente. IP: 0:0:0:0:0:0:0:1 | Endpoint: /api/usuarios
2026-06-29 02:16:54 INFO  c.s.goldenbooking.security.JwtFilter [http-nio-8080-exec-2] Usuario admin1 autenticado correctamente. IP: 0:0:0:0:0:0:0:1 | Endpoint: /api/usuarios
2026-06-29 02:16:59 INFO  c.s.goldenbooking.security.JwtFilter [http-nio-8080-exec-4] Usuario admin1 autenticado correctamente. IP: 0:0:0:0:0:0:0:1 | Endpoint: /api/usuarios
2026-06-29 02:17:02 INFO  c.s.goldenbooking.security.JwtFilter [http-nio-8080-exec-10] Usuario admin1 autenticado correctamente. IP: 0:0:0:0:0:0:0:1 | Endpoint: /api/reservas/deporte
2026-06-29 02:17:19 INFO  c.s.goldenbooking.security.JwtFilter [http-nio-8080-exec-9] Usuario admin1 autenticado correctamente. IP: 0:0:0:0:0:0:0:1 | Endpoint: /api/reservas/deporte
2026-06-29 02:17:30 INFO  c.s.goldenbooking.security.JwtFilter [http-nio-8080-exec-5] Usuario admin1 autenticado correctamente. IP: 0:0:0:0:0:0:0:1 | Endpoint: /api/reservas/deporte
2026-06-29 02:17:30 INFO  c.s.goldenbooking.security.JwtFilter [http-nio-8080-exec-6] Usuario admin1 autenticado correctamente. IP: 0:0:0:0:0:0:0:1 | Endpoint: /api/reservas/deporte
2026-06-29 02:18:32 INFO  c.s.goldenbooking.security.JwtFilter [http-nio-8080-exec-2] Usuario admin1 autenticado correctamente. IP: 0:0:0:0:0:0:0:1 | Endpoint: /api/usuarios
2026-06-29 02:18:32 INFO  c.s.goldenbooking.security.JwtFilter [http-nio-8080-exec-3] Usuario admin1 autenticado correctamente. IP: 0:0:0:0:0:0:0:1 | Endpoint: /api/usuarios
2026-06-29 02:18:46 INFO  c.s.goldenbooking.security.JwtFilter [http-nio-8080-exec-6] Usuario admin1 autenticado correctamente. IP: 0:0:0:0:0:0:0:1 | Endpoint: /api/usuarios
2026-06-29 02:18:46 INFO  c.s.goldenbooking.security.JwtFilter [http-nio-8080-exec-7] Usuario admin1 autenticado correctamente. IP: 0:0:0:0:0:0:0:1 | Endpoint: /api/usuarios
2026-06-29 02:19:14 INFO  c.s.goldenbooking.security.JwtFilter [http-nio-8080-exec-10] Usuario admin1 autenticado correctamente. IP: 0:0:0:0:0:0:0:1 | Endpoint: /auth/logout
2026-06-29 02:19:16 INFO  c.s.goldenbooking.security.JwtFilter [http-nio-8080-exec-3] Usuario admin1 autenticado correctamente. IP: 0:0:0:0:0:0:0:1 | Endpoint: /api/usuarios/6a3d890191160b49f97bd67d
2026-06-29 02:19:29 INFO  c.s.goldenbooking.security.JwtFilter [http-nio-8080-exec-5] Usuario admin1 autenticado correctamente. IP: 0:0:0:0:0:0:0:1 | Endpoint: /auth/logout
2026-06-29 02:19:30 INFO  c.s.goldenbooking.security.JwtFilter [http-nio-8080-exec-10] Usuario admin1 autenticado correctamente. IP: 0:0:0:0:0:0:0:1 | Endpoint: /api/usuarios/6a3d890191160b49f97bd67d
